2022-04-03 23:12:34,946 INFO  (Configuration.java:0) Configuration read from /home/nick/Sem-8/dfs/project/anonimatron-1.15/trialconfig.xml []
2022-04-03 23:13:14,513 INFO  (Configuration.java:0) Configuration read from /home/nick/Sem-8/dfs/project/anonimatron-1.15/trialconfig.xml []
2022-04-03 23:13:53,493 INFO  (Configuration.java:0) Configuration read from /home/nick/Sem-8/dfs/project/anonimatron-1.15/trialconfig.xml []
2022-04-03 23:21:27,227 INFO  (Configuration.java:0) Configuration read from /home/nick/Sem-8/dfs/project/anonimatron-1.15/trialconfig.xml []
2022-04-03 23:24:08,332 INFO  (Configuration.java:0) Configuration read from /home/nick/Sem-8/dfs/project/anonimatron-1.15/trialconfig.xml []
2022-04-03 23:24:58,015 INFO  (Configuration.java:0) Configuration read from /home/nick/Sem-8/dfs/project/anonimatron-1.15/trialconfig.xml []
2022-04-03 23:25:24,848 INFO  (Configuration.java:0) Configuration read from /home/nick/Sem-8/dfs/project/anonimatron-1.15/trialconfig.xml []
2022-04-03 23:25:25,372 INFO  (JdbcAnonymizerService.java:0) Conected to 'jdbc:mysql://localhost:3306/mydb' with user 'myuser'. []
2022-04-03 23:25:25,390 INFO  (JdbcAnonymizerService.java:0) Table userdata has 4 rows to process. []
2022-04-03 23:25:25,392 INFO  (JdbcAnonymizerService.java:0) Table lastnames has 3 rows to process. []
2022-04-04 17:10:15,675 INFO  (Configuration.java:0) Configuration read from /home/nick/Sem-8/dfs/project/anonimatron-1.15/trialconfig.xml []
2022-04-04 17:10:18,642 INFO  (JdbcAnonymizerService.java:0) Conected to 'jdbc:mysql://localhost:3306/mydb' with user 'myuser'. []
2022-04-04 17:10:18,710 INFO  (JdbcAnonymizerService.java:0) Table userdata has 12 rows to process. []
2022-04-04 17:10:18,715 INFO  (JdbcAnonymizerService.java:0) Table lastnames has 3 rows to process. []
2022-04-28 21:13:54,089 INFO  (Configuration.java:0) Configuration read from /home/nick/Sem-8/dfs/project/anonimatron-1.15/trialconfig.xml []
2022-04-28 21:13:58,503 INFO  (JdbcAnonymizerService.java:0) Conected to 'jdbc:mysql://localhost:3306/mydb' with user 'myuser'. []
2022-04-28 21:13:58,959 INFO  (JdbcAnonymizerService.java:0) Table userdata has 12 rows to process. []
2022-04-28 21:13:58,992 INFO  (JdbcAnonymizerService.java:0) Table lastnames has 3 rows to process. []
2022-04-28 21:36:48,139 INFO  (Configuration.java:0) Configuration read from /home/nick/Sem-8/dfs/project/anonimatron-1.15/trialconfig.xml []
2022-04-28 21:36:48,622 INFO  (JdbcAnonymizerService.java:0) Conected to 'jdbc:mysql://localhost:3306/mydb' with user 'myuser'. []
2022-04-28 21:36:48,650 INFO  (JdbcAnonymizerService.java:0) Table userdata has 12 rows to process. []
2022-04-28 21:36:48,652 INFO  (JdbcAnonymizerService.java:0) Table lastnames has 3 rows to process. []
2022-04-30 14:12:29,591 INFO  (Configuration.java:0) Configuration read from /home/divyank/Desktop/sem8/dfs/group4-team1/anonimatron-1.15/config.xml []
2022-04-30 14:13:32,743 INFO  (Configuration.java:0) Configuration read from /home/divyank/Desktop/sem8/dfs/group4-team1/anonimatron-1.15/config.xml []
2022-04-30 14:13:33,326 INFO  (JdbcAnonymizerService.java:0) Conected to 'jdbc:mysql://localhost:3306/mydb' with user 'myuser'. []
2022-04-30 14:13:33,350 INFO  (JdbcAnonymizerService.java:0) Table userdata has 4 rows to process. []
2022-04-30 14:13:33,352 INFO  (JdbcAnonymizerService.java:0) Table lastnames has 3 rows to process. []
2022-04-30 14:15:25,975 INFO  (Configuration.java:0) Configuration read from /home/divyank/Desktop/sem8/dfs/group4-team1/anonimatron-1.15/config.xml []
2022-04-30 14:15:26,575 INFO  (JdbcAnonymizerService.java:0) Conected to 'jdbc:mysql://localhost:3306/mydb' with user 'myuser'. []
2022-04-30 14:15:26,590 INFO  (JdbcAnonymizerService.java:0) Table userdata has 4 rows to process. []
2022-04-30 14:15:26,593 INFO  (JdbcAnonymizerService.java:0) Table lastnames has 3 rows to process. []
2022-04-30 14:18:41,269 INFO  (Configuration.java:0) Configuration read from /home/divyank/Desktop/sem8/dfs/group4-team1/anonimatron-1.15/config.xml []
2022-04-30 14:18:41,771 INFO  (JdbcAnonymizerService.java:0) Conected to 'jdbc:mysql://localhost:3306/mydb' with user 'myuser'. []
2022-04-30 14:18:41,786 INFO  (JdbcAnonymizerService.java:0) Table userdata has 4 rows to process. []
2022-04-30 14:18:41,788 INFO  (JdbcAnonymizerService.java:0) Table lastnames has 3 rows to process. []
2022-04-30 14:20:11,072 INFO  (Configuration.java:0) Configuration read from /home/divyank/Desktop/sem8/dfs/group4-team1/anonimatron-1.15/config.xml []
2022-04-30 14:20:11,765 INFO  (JdbcAnonymizerService.java:0) Conected to 'jdbc:mysql://localhost:3306/mydb' with user 'myuser'. []
2022-04-30 14:20:11,779 INFO  (JdbcAnonymizerService.java:0) Table userdata has 4 rows to process. []
2022-04-30 14:20:11,781 INFO  (JdbcAnonymizerService.java:0) Table lastnames has 3 rows to process. []
2022-04-30 14:20:35,933 INFO  (Configuration.java:0) Configuration read from /home/divyank/Desktop/sem8/dfs/group4-team1/anonimatron-1.15/config.xml []
2022-04-30 14:20:36,523 INFO  (JdbcAnonymizerService.java:0) Conected to 'jdbc:mysql://localhost:3306/mydb' with user 'myuser'. []
2022-04-30 14:20:36,539 INFO  (JdbcAnonymizerService.java:0) Table userdata has 4 rows to process. []
2022-04-30 14:20:36,541 INFO  (JdbcAnonymizerService.java:0) Table lastnames has 3 rows to process. []
2022-04-30 14:21:21,570 INFO  (Configuration.java:0) Configuration read from /home/divyank/Desktop/sem8/dfs/group4-team1/anonimatron-1.15/config.xml []
2022-04-30 14:21:22,193 INFO  (JdbcAnonymizerService.java:0) Conected to 'jdbc:mysql://localhost:3306/mydb' with user 'myuser'. []
2022-04-30 14:21:22,214 INFO  (JdbcAnonymizerService.java:0) Table userdata has 4 rows to process. []
2022-04-30 14:21:22,217 INFO  (JdbcAnonymizerService.java:0) Table lastnames has 3 rows to process. []
2022-04-30 14:21:50,770 INFO  (Configuration.java:0) Configuration read from /home/divyank/Desktop/sem8/dfs/group4-team1/anonimatron-1.15/config.xml []
2022-04-30 14:21:51,303 INFO  (JdbcAnonymizerService.java:0) Conected to 'jdbc:mysql://localhost:3306/mydb' with user 'myuser'. []
2022-04-30 14:21:51,316 INFO  (JdbcAnonymizerService.java:0) Table userdata has 4 rows to process. []
2022-04-30 14:21:51,318 INFO  (JdbcAnonymizerService.java:0) Table lastnames has 3 rows to process. []
2022-04-30 14:22:51,206 INFO  (Configuration.java:0) Configuration read from /home/divyank/Desktop/sem8/dfs/group4-team1/anonimatron-1.15/config.xml []
2022-04-30 14:22:51,814 INFO  (JdbcAnonymizerService.java:0) Conected to 'jdbc:mysql://localhost:3306/mydb' with user 'myuser'. []
2022-04-30 14:22:51,830 INFO  (JdbcAnonymizerService.java:0) Table userdata has 4 rows to process. []
2022-04-30 14:22:51,833 INFO  (JdbcAnonymizerService.java:0) Table lastnames has 3 rows to process. []
2022-04-30 14:38:06,074 INFO  (Configuration.java:0) Configuration read from /home/divyank/Desktop/sem8/dfs/group4-team1/anonimatron-1.15/config.xml []
2022-04-30 14:38:06,744 INFO  (JdbcAnonymizerService.java:0) Conected to 'jdbc:mysql://localhost:3306/mydb' with user 'myuser'. []
2022-04-30 14:38:06,765 INFO  (JdbcAnonymizerService.java:0) Table userdata has 4 rows to process. []
2022-04-30 14:38:06,769 INFO  (JdbcAnonymizerService.java:0) Table lastnames has 3 rows to process. []
2022-04-30 14:39:48,309 INFO  (Configuration.java:0) Configuration read from /home/divyank/Desktop/sem8/dfs/group4-team1/anonimatron-1.15/config.xml []
2022-04-30 14:39:48,897 INFO  (JdbcAnonymizerService.java:0) Conected to 'jdbc:mysql://localhost:3306/mydb' with user 'myuser'. []
2022-04-30 14:39:48,912 INFO  (JdbcAnonymizerService.java:0) Table userdata has 4 rows to process. []
2022-04-30 14:39:48,914 INFO  (JdbcAnonymizerService.java:0) Table lastnames has 3 rows to process. []
2022-04-30 14:41:05,324 INFO  (Configuration.java:0) Configuration read from /home/divyank/Desktop/sem8/dfs/group4-team1/anonimatron-1.15/config.xml []
2022-04-30 14:41:06,006 INFO  (JdbcAnonymizerService.java:0) Conected to 'jdbc:mysql://localhost:3306/mydb' with user 'myuser'. []
2022-04-30 14:41:06,023 INFO  (JdbcAnonymizerService.java:0) Table userdata has 4 rows to process. []
2022-04-30 14:41:06,025 INFO  (JdbcAnonymizerService.java:0) Table lastnames has 3 rows to process. []
